0 info it worked if it ends with ok
1 verbose cli [ '/usr/bin/node',
1 verbose cli   '/usr/bin/npm',
1 verbose cli   'install',
1 verbose cli   '--save',
1 verbose cli   'forever',
1 verbose cli   'express',
1 verbose cli   'cron',
1 verbose cli   'jade' ]
2 info using npm@1.4.28
3 info using node@v0.10.32
4 verbose node symlink /usr/bin/node
5 verbose readDependencies using package.json deps
6 verbose cache add [ 'forever', null ]
7 verbose cache add name=undefined spec="forever" args=["forever",null]
8 verbose parsed url { protocol: null,
8 verbose parsed url   slashes: null,
8 verbose parsed url   auth: null,
8 verbose parsed url   host: null,
8 verbose parsed url   port: null,
8 verbose parsed url   hostname: null,
8 verbose parsed url   hash: null,
8 verbose parsed url   search: null,
8 verbose parsed url   query: null,
8 verbose parsed url   pathname: 'forever',
8 verbose parsed url   path: 'forever',
8 verbose parsed url   href: 'forever' }
9 verbose cache add [ 'express', null ]
10 verbose cache add name=undefined spec="express" args=["express",null]
11 verbose parsed url { protocol: null,
11 verbose parsed url   slashes: null,
11 verbose parsed url   auth: null,
11 verbose parsed url   host: null,
11 verbose parsed url   port: null,
11 verbose parsed url   hostname: null,
11 verbose parsed url   hash: null,
11 verbose parsed url   search: null,
11 verbose parsed url   query: null,
11 verbose parsed url   pathname: 'express',
11 verbose parsed url   path: 'express',
11 verbose parsed url   href: 'express' }
12 verbose cache add [ 'cron', null ]
13 verbose cache add name=undefined spec="cron" args=["cron",null]
14 verbose parsed url { protocol: null,
14 verbose parsed url   slashes: null,
14 verbose parsed url   auth: null,
14 verbose parsed url   host: null,
14 verbose parsed url   port: null,
14 verbose parsed url   hostname: null,
14 verbose parsed url   hash: null,
14 verbose parsed url   search: null,
14 verbose parsed url   query: null,
14 verbose parsed url   pathname: 'cron',
14 verbose parsed url   path: 'cron',
14 verbose parsed url   href: 'cron' }
15 verbose cache add [ 'jade', null ]
16 verbose cache add name=undefined spec="jade" args=["jade",null]
17 verbose parsed url { protocol: null,
17 verbose parsed url   slashes: null,
17 verbose parsed url   auth: null,
17 verbose parsed url   host: null,
17 verbose parsed url   port: null,
17 verbose parsed url   hostname: null,
17 verbose parsed url   hash: null,
17 verbose parsed url   search: null,
17 verbose parsed url   query: null,
17 verbose parsed url   pathname: 'jade',
17 verbose parsed url   path: 'jade',
17 verbose parsed url   href: 'jade' }
18 silly lockFile e07f8c4a-forever forever
19 verbose lock forever /home/s/.npm/e07f8c4a-forever.lock
20 silly lockFile f3c62de4-express express
21 verbose lock express /home/s/.npm/f3c62de4-express.lock
22 silly lockFile 02f91914-cron cron
23 verbose lock cron /home/s/.npm/02f91914-cron.lock
24 silly lockFile 5bd60fae-jade jade
25 verbose lock jade /home/s/.npm/5bd60fae-jade.lock
26 silly lockFile f3c62de4-express express
27 silly lockFile f3c62de4-express express
28 silly lockFile e07f8c4a-forever forever
29 silly lockFile e07f8c4a-forever forever
30 silly lockFile 5bd60fae-jade jade
31 silly lockFile 5bd60fae-jade jade
32 silly lockFile 02f91914-cron cron
33 silly lockFile 02f91914-cron cron
34 verbose addNamed [ 'express', '' ]
35 verbose addNamed [ null, '*' ]
36 silly lockFile 64a534c1-express express@
37 verbose lock express@ /home/s/.npm/64a534c1-express.lock
38 verbose addNamed [ 'forever', '' ]
39 verbose addNamed [ null, '*' ]
40 silly lockFile 28ef027b-forever forever@
41 verbose lock forever@ /home/s/.npm/28ef027b-forever.lock
42 verbose addNamed [ 'jade', '' ]
43 verbose addNamed [ null, '*' ]
44 silly lockFile 51d481b2-jade jade@
45 verbose lock jade@ /home/s/.npm/51d481b2-jade.lock
46 verbose addNamed [ 'cron', '' ]
47 verbose addNamed [ null, '*' ]
48 silly lockFile b1088792-cron cron@
49 verbose lock cron@ /home/s/.npm/b1088792-cron.lock
50 silly addNameRange { name: 'express', range: '*', hasData: false }
51 silly addNameRange { name: 'forever', range: '*', hasData: false }
52 silly addNameRange { name: 'jade', range: '*', hasData: false }
53 silly addNameRange { name: 'cron', range: '*', hasData: false }
54 verbose request where is /forever
55 verbose request registry https://registry.npmjs.org/
56 verbose request id 0f502535a89ef28e
57 verbose url raw /forever
58 verbose url resolving [ 'https://registry.npmjs.org/', './forever' ]
59 verbose url resolved https://registry.npmjs.org/forever
60 verbose request where is https://registry.npmjs.org/forever
61 info trying registry request attempt 1 at 10:05:42
62 verbose etag "F12CM1XVSWWHUEMKOWUJRV00M"
63 http GET https://registry.npmjs.org/forever
64 verbose request where is /cron
65 verbose request registry https://registry.npmjs.org/
66 verbose url raw /cron
67 verbose url resolving [ 'https://registry.npmjs.org/', './cron' ]
68 verbose url resolved https://registry.npmjs.org/cron
69 verbose request where is https://registry.npmjs.org/cron
70 info trying registry request attempt 1 at 10:05:42
71 verbose etag "2UBQDQY9XKZVVQZPYYLBTT9TQ"
72 http GET https://registry.npmjs.org/cron
73 verbose request where is /jade
74 verbose request registry https://registry.npmjs.org/
75 verbose url raw /jade
76 verbose url resolving [ 'https://registry.npmjs.org/', './jade' ]
77 verbose url resolved https://registry.npmjs.org/jade
78 verbose request where is https://registry.npmjs.org/jade
79 info trying registry request attempt 1 at 10:05:42
80 verbose etag "2FQNGVIIME6B21NPX2WIKVSMD"
81 http GET https://registry.npmjs.org/jade
82 verbose request where is /express
83 verbose request registry https://registry.npmjs.org/
84 verbose url raw /express
85 verbose url resolving [ 'https://registry.npmjs.org/', './express' ]
86 verbose url resolved https://registry.npmjs.org/express
87 verbose request where is https://registry.npmjs.org/express
88 info trying registry request attempt 1 at 10:05:42
89 verbose etag "2P1O91NYYIO059EQV8L6LQTJP"
90 http GET https://registry.npmjs.org/express
91 http 200 https://registry.npmjs.org/jade
92 silly registry.get cb [ 200,
92 silly registry.get   { date: 'Wed, 04 Feb 2015 15:05:43 GMT',
92 silly registry.get     server: 'CouchDB/1.5.0 (Erlang OTP/R16B03)',
92 silly registry.get     etag: '"MWI73U6988LQ1BV3ATW899CO"',
92 silly registry.get     'content-type': 'application/json',
92 silly registry.get     'cache-control': 'max-age=60',
92 silly registry.get     'content-length': '139299',
92 silly registry.get     'accept-ranges': 'bytes',
92 silly registry.get     via: '1.1 varnish',
92 silly registry.get     age: '36',
92 silly registry.get     'x-served-by': 'cache-iad2145-IAD',
92 silly registry.get     'x-cache': 'HIT',
92 silly registry.get     'x-cache-hits': '1',
92 silly registry.get     'x-timer': 'S1423062343.000854,VS0,VE0',
92 silly registry.get     vary: 'Accept',
92 silly registry.get     'keep-alive': 'timeout=10, max=50',
92 silly registry.get     connection: 'Keep-Alive' } ]
93 silly addNameRange number 2 { name: 'jade', range: '*', hasData: true }
94 silly addNameRange versions [ 'jade',
94 silly addNameRange   [ '0.0.1',
94 silly addNameRange     '0.0.2',
94 silly addNameRange     '0.1.0',
94 silly addNameRange     '0.2.0',
94 silly addNameRange     '0.2.1',
94 silly addNameRange     '0.2.2',
94 silly addNameRange     '0.2.3',
94 silly addNameRange     '0.2.4',
94 silly addNameRange     '0.3.0',
94 silly addNameRange     '0.4.0',
94 silly addNameRange     '0.4.1',
94 silly addNameRange     '0.5.0',
94 silly addNameRange     '0.5.1',
94 silly addNameRange     '0.5.2',
94 silly addNameRange     '0.5.3',
94 silly addNameRange     '0.5.4',
94 silly addNameRange     '0.5.5',
94 silly addNameRange     '0.5.6',
94 silly addNameRange     '0.5.7',
94 silly addNameRange     '0.6.0',
94 silly addNameRange     '0.6.1',
94 silly addNameRange     '0.6.3',
94 silly addNameRange     '0.7.0',
94 silly addNameRange     '0.7.1',
94 silly addNameRange     '0.8.0',
94 silly addNameRange     '0.8.1',
94 silly addNameRange     '0.8.2',
94 silly addNameRange     '0.8.3',
94 silly addNameRange     '0.8.4',
94 silly addNameRange     '0.8.5',
94 silly addNameRange     '0.8.6',
94 silly addNameRange     '0.8.7',
94 silly addNameRange     '0.8.8',
94 silly addNameRange     '0.8.9',
94 silly addNameRange     '0.9.0',
94 silly addNameRange     '0.9.1',
94 silly addNameRange     '0.9.2',
94 silly addNameRange     '0.9.3',
94 silly addNameRange     '0.10.0',
94 silly addNameRange     '0.10.1',
94 silly addNameRange     '0.10.2',
94 silly addNameRange     '0.10.3',
94 silly addNameRange     '0.10.4',
94 silly addNameRange     '0.10.5',
94 silly addNameRange     '0.10.6',
94 silly addNameRange     '0.10.7',
94 silly addNameRange     '0.11.0',
94 silly addNameRange     '0.11.1',
94 silly addNameRange     '0.12.0',
94 silly addNameRange     '0.12.1',
94 silly addNameRange     '0.12.2',
94 silly addNameRange     '0.12.3',
94 silly addNameRange     '0.12.4',
94 silly addNameRange     '0.13.0',
94 silly addNameRange     '0.14.0',
94 silly addNameRange     '0.14.1',
94 silly addNameRange     '0.14.2',
94 silly addNameRange     '0.15.0',
94 silly addNameRange     '0.15.1',
94 silly addNameRange     '0.15.2',
94 silly addNameRange     '0.15.3',
94 silly addNameRange     '0.15.4',
94 silly addNameRange     '0.16.0',
94 silly addNameRange     '0.16.1',
94 silly addNameRange     '0.16.2',
94 silly addNameRange     '0.16.3',
94 silly addNameRange     '0.16.4',
94 silly addNameRange     '0.17.0',
94 silly addNameRange     '0.18.0',
94 silly addNameRange     '0.19.0',
94 silly addNameRange     '0.20.0',
94 silly addNameRange     '0.20.1',
94 silly addNameRange     '0.20.2',
94 silly addNameRange     '0.20.3',
94 silly addNameRange     '0.21.0',
94 silly addNameRange     '0.22.0',
94 silly addNameRange     '0.22.1',
94 silly addNameRange     '0.23.0',
94 silly addNameRange     '0.24.0',
94 silly addNameRange     '0.25.0',
94 silly addNameRange     '0.26.0',
94 silly addNameRange     '0.26.1',
94 silly addNameRange     '0.26.2',
94 silly addNameRange     '0.26.3',
94 silly addNameRange     '0.27.0',
94 silly addNameRange     '0.27.1',
94 silly addNameRange     '0.27.2',
94 silly addNameRange     '0.27.3',
94 silly addNameRange     '0.27.4',
94 silly addNameRange     '0.27.5',
94 silly addNameRange     '0.27.6',
94 silly addNameRange     '0.27.7',
94 silly addNameRange     '0.28.0',
94 silly addNameRange     '0.28.1',
94 silly addNameRange     '0.28.2',
94 silly addNameRange     '0.29.0',
94 silly addNameRange     '0.30.0',
94 silly addNameRange     '0.31.0',
94 silly addNameRange     '0.31.1',
94 silly addNameRange     '0.31.2',
94 silly addNameRange     '0.32.0',
94 silly addNameRange     '0.33.0',
94 silly addNameRange     '0.34.0',
94 silly addNameRange     '0.34.1',
94 silly addNameRange     '0.35.0',
94 silly addNameRange     '1.0.0',
94 silly addNameRange     '1.0.1',
94 silly addNameRange     '1.0.2',
94 silly addNameRange     '1.1.0',
94 silly addNameRange     '1.1.1',
94 silly addNameRange     '1.1.2',
94 silly addNameRange     '1.1.3',
94 silly addNameRange     '1.1.4',
94 silly addNameRange     '1.1.5',
94 silly addNameRange     '1.2.0',
94 silly addNameRange     '1.3.0',
94 silly addNameRange     '1.3.1',
94 silly addNameRange     '1.4.0',
94 silly addNameRange     '1.4.1',
94 silly addNameRange     '1.4.2',
94 silly addNameRange     '1.5.0',
94 silly addNameRange     '1.6.0',
94 silly addNameRange     '1.7.0',
94 silly addNameRange     '1.8.0',
94 silly addNameRange     '1.8.1',
94 silly addNameRange     '1.8.2',
94 silly addNameRange     '1.9.0',
94 silly addNameRange     '1.9.1' ] ]
95 verbose addNamed [ 'jade', '1.9.1' ]
96 verbose addNamed [ '1.9.1', '1.9.1' ]
97 silly lockFile 9901c118-jade-1-9-1 jade@1.9.1
98 verbose lock jade@1.9.1 /home/s/.npm/9901c118-jade-1-9-1.lock
99 silly lockFile a5b4eb9a-ry-npmjs-org-jade-jade-1-9-1-tgz https://registry.npmjs.org/jade/-/jade-1.9.1.tgz
100 verbose lock https://registry.npmjs.org/jade/-/jade-1.9.1.tgz /home/s/.npm/a5b4eb9a-ry-npmjs-org-jade-jade-1-9-1-tgz.lock
101 verbose addRemoteTarball [ 'https://registry.npmjs.org/jade/-/jade-1.9.1.tgz',
101 verbose addRemoteTarball   '5cf8da5b1edb6973dc26d6d9245d0e8ba005cd26' ]
102 info retry fetch attempt 1 at 10:05:43
103 verbose fetch to= /tmp/npm-7144-iDE4SuMD/registry.npmjs.org/jade/-/jade-1.9.1.tgz
104 http GET https://registry.npmjs.org/jade/-/jade-1.9.1.tgz
105 http 200 https://registry.npmjs.org/jade/-/jade-1.9.1.tgz
106 http 200 https://registry.npmjs.org/express
107 silly registry.get cb [ 200,
107 silly registry.get   { date: 'Wed, 04 Feb 2015 15:05:43 GMT',
107 silly registry.get     server: 'CouchDB/1.5.0 (Erlang OTP/R16B03)',
107 silly registry.get     etag: '"1ESE4L3QD6KN44SEHVDNFAX2Z"',
107 silly registry.get     'content-type': 'application/json',
107 silly registry.get     'cache-control': 'max-age=60',
107 silly registry.get     'content-length': '469522',
107 silly registry.get     'accept-ranges': 'bytes',
107 silly registry.get     via: '1.1 varnish',
107 silly registry.get     age: '57',
107 silly registry.get     'x-served-by': 'cache-iad2141-IAD',
107 silly registry.get     'x-cache': 'HIT',
107 silly registry.get     'x-cache-hits': '2',
107 silly registry.get     'x-timer': 'S1423062343.001997,VS0,VE0',
107 silly registry.get     vary: 'Accept',
107 silly registry.get     'keep-alive': 'timeout=10, max=50',
107 silly registry.get     connection: 'Keep-Alive' } ]
108 silly addNameRange number 2 { name: 'express', range: '*', hasData: true }
109 silly addNameRange versions [ 'express',
109 silly addNameRange   [ '0.14.0',
109 silly addNameRange     '0.14.1',
109 silly addNameRange     '1.0.0',
109 silly addNameRange     '1.0.1',
109 silly addNameRange     '1.0.2',
109 silly addNameRange     '1.0.3',
109 silly addNameRange     '1.0.4',
109 silly addNameRange     '1.0.5',
109 silly addNameRange     '1.0.6',
109 silly addNameRange     '1.0.7',
109 silly addNameRange     '1.0.8',
109 silly addNameRange     '2.0.0',
109 silly addNameRange     '2.1.0',
109 silly addNameRange     '2.1.1',
109 silly addNameRange     '2.2.0',
109 silly addNameRange     '2.2.1',
109 silly addNameRange     '2.2.2',
109 silly addNameRange     '2.3.0',
109 silly addNameRange     '2.3.1',
109 silly addNameRange     '2.3.2',
109 silly addNameRange     '2.3.3',
109 silly addNameRange     '2.3.4',
109 silly addNameRange     '2.3.5',
109 silly addNameRange     '2.3.6',
109 silly addNameRange     '2.3.7',
109 silly addNameRange     '2.3.8',
109 silly addNameRange     '2.3.9',
109 silly addNameRange     '2.3.10',
109 silly addNameRange     '2.3.11',
109 silly addNameRange     '2.3.12',
109 silly addNameRange     '2.4.0',
109 silly addNameRange     '2.4.1',
109 silly addNameRange     '2.4.2',
109 silly addNameRange     '2.4.3',
109 silly addNameRange     '2.4.4',
109 silly addNameRange     '2.4.5',
109 silly addNameRange     '2.4.6',
109 silly addNameRange     '2.4.7',
109 silly addNameRange     '2.5.0',
109 silly addNameRange     '2.5.1',
109 silly addNameRange     '2.5.2',
109 silly addNameRange     '2.5.3',
109 silly addNameRange     '2.5.4',
109 silly addNameRange     '2.5.5',
109 silly addNameRange     '2.5.6',
109 silly addNameRange     '2.5.7',
109 silly addNameRange     '2.5.8',
109 silly addNameRange     '2.5.9',
109 silly addNameRange     '2.5.10',
109 silly addNameRange     '2.5.11',
109 silly addNameRange     '3.0.0',
109 silly addNameRange     '3.0.1',
109 silly addNameRange     '3.0.2',
109 silly addNameRange     '3.0.3',
109 silly addNameRange     '3.0.4',
109 silly addNameRange     '3.0.5',
109 silly addNameRange     '3.0.6',
109 silly addNameRange     '3.1.0',
109 silly addNameRange     '3.1.1',
109 silly addNameRange     '3.1.2',
109 silly addNameRange     '3.2.0',
109 silly addNameRange     '3.2.1',
109 silly addNameRange     '3.2.2',
109 silly addNameRange     '3.2.3',
109 silly addNameRange     '3.2.4',
109 silly addNameRange     '3.2.5',
109 silly addNameRange     '3.2.6',
109 silly addNameRange     '3.3.0',
109 silly addNameRange     '3.3.1',
109 silly addNameRange     '3.3.2',
109 silly addNameRange     '3.3.3',
109 silly addNameRange     '3.3.4',
109 silly addNameRange     '3.3.5',
109 silly addNameRange     '3.3.6',
109 silly addNameRange     '1.0.0-beta',
109 silly addNameRange     '1.0.0-beta2',
109 silly addNameRange     '1.0.0-rc',
109 silly addNameRange     '1.0.0-rc2',
109 silly addNameRange     '1.0.0-rc3',
109 silly addNameRange     '1.0.0-rc4',
109 silly addNameRange     '2.0.0-beta',
109 silly addNameRange     '2.0.0-beta2',
109 silly addNameRange     '2.0.0-beta3',
109 silly addNameRange     '2.0.0-rc',
109 silly addNameRange     '2.0.0-rc2',
109 silly addNameRange     '2.0.0-rc3',
109 silly addNameRange     '3.0.0-alpha1',
109 silly addNameRange     '3.0.0-alpha2',
109 silly addNameRange     '3.0.0-alpha3',
109 silly addNameRange     '3.0.0-alpha4',
109 silly addNameRange     '3.0.0-alpha5',
109 silly addNameRange     '3.0.0-beta1',
109 silly addNameRange     '3.0.0-beta2',
109 silly addNameRange     '3.0.0-beta3',
109 silly addNameRange     '3.0.0-beta4',
109 silly addNameRange     '3.0.0-beta6',
109 silly addNameRange     '3.0.0-beta7',
109 silly addNameRange     '3.0.0-rc1',
109 silly addNameRange     '3.0.0-rc2',
109 silly addNameRange     '3.0.0-rc3',
109 silly addNameRange     '3.0.0-rc4',
109 silly addNameRange     '3.0.0-rc5',
109 silly addNameRange     '3.3.7',
109 silly addNameRange     '3.3.8',
109 silly addNameRange     '3.4.0',
109 silly addNameRange     '3.4.1',
109 silly addNameRange     '3.4.2',
109 silly addNameRange     '3.4.3',
109 silly addNameRange     '3.4.4',
109 silly addNameRange     '3.4.5',
109 silly addNameRange     '3.4.6',
109 silly addNameRange     '3.4.7',
109 silly addNameRange     '3.4.8',
109 silly addNameRange     '4.0.0-rc1',
109 silly addNameRange     '4.0.0-rc2',
109 silly addNameRange     '3.5.0',
109 silly addNameRange     '4.0.0-rc3',
109 silly addNameRange     '4.0.0-rc4',
109 silly addNameRange     '3.5.1',
109 silly addNameRange     '4.0.0',
109 silly addNameRange     '3.5.2',
109 silly addNameRange     '4.1.0',
109 silly addNameRange     '4.1.1',
109 silly addNameRange     '3.5.3',
109 silly addNameRange     '4.1.2',
109 silly addNameRange     '3.6.0',
109 silly addNameRange     '4.2.0',
109 silly addNameRange     '3.7.0',
109 silly addNameRange     '3.8.0',
109 silly addNameRange     '4.3.0',
109 silly addNameRange     '4.3.1',
109 silly addNameRange     '3.8.1',
109 silly addNameRange     '4.3.2',
109 silly addNameRange     '3.9.0',
109 silly addNameRange     '4.4.0',
109 silly addNameRange     '4.4.1',
109 silly addNameRange     '3.10.0',
109 silly addNameRange     '3.10.1',
109 silly addNameRange     '3.10.2',
109 silly addNameRange     '3.10.3',
109 silly addNameRange     '3.10.4',
109 silly addNameRange     '4.4.2',
109 silly addNameRange     '3.10.5',
109 silly addNameRange     '4.4.3',
109 silly addNameRange     '3.11.0',
109 silly addNameRange     '4.4.4',
109 silly addNameRange     '3.12.0',
109 silly addNameRange     '3.12.1',
109 silly addNameRange     '4.4.5',
109 silly addNameRange     '3.13.0',
109 silly addNameRange     '4.5.0',
109 silly addNameRange     '4.5.1',
109 silly addNameRange     '3.14.0',
109 silly addNameRange     '4.6.0',
109 silly addNameRange     '4.6.1',
109 silly addNameRange     '3.15.0',
109 silly addNameRange     '4.7.0',
109 silly addNameRange     '3.15.1',
109 silly addNameRange     '4.7.1',
109 silly addNameRange     '3.15.2',
109 silly addNameRange     '4.7.2',
109 silly addNameRange     '4.7.3',
109 silly addNameRange     '3.15.3',
109 silly addNameRange     '4.7.4',
109 silly addNameRange     '3.16.0',
109 silly addNameRange     '4.8.0',
109 silly addNameRange     '3.16.1',
109 silly addNameRange     '4.8.1',
109 silly addNameRange     '3.16.2',
109 silly addNameRange     '4.8.2',
109 silly addNameRange     '3.16.3',
109 silly addNameRange     '3.16.4',
109 silly addNameRange     '4.8.3',
109 silly addNameRange     '3.16.5',
109 silly addNameRange     '3.16.6',
109 silly addNameRange     '4.8.4',
109 silly addNameRange     '3.16.7',
109 silly addNameRange     '4.8.5',
109 silly addNameRange     '3.16.8',
109 silly addNameRange     '4.8.6',
109 silly addNameRange     '3.16.9',
109 silly addNameRange     '4.8.7',
109 silly addNameRange     '3.16.10',
109 silly addNameRange     '4.8.8',
109 silly addNameRange     '3.17.0',
109 silly addNameRange     '3.17.1',
109 silly addNameRange     '4.9.0',
109 silly addNameRange     '3.17.2',
109 silly addNameRange     '4.9.1',
109 silly addNameRange     '4.9.2',
109 silly addNameRange     '3.17.3',
109 silly addNameRange     '4.9.3',
109 silly addNameRange     '3.17.4',
109 silly addNameRange     '4.9.4',
109 silly addNameRange     '3.17.5',
109 silly addNameRange     '4.9.5',
109 silly addNameRange     '3.17.6',
109 silly addNameRange     '3.17.7',
109 silly addNameRange     '4.9.6',
109 silly addNameRange     '4.9.7',
109 silly addNameRange     '3.17.8',
109 silly addNameRange     '4.9.8',
109 silly addNameRange     '3.18.0',
109 silly addNameRange     '3.18.1',
109 silly addNameRange     '4.10.0',
109 silly addNameRange     '3.18.2',
109 silly addNameRange     '4.10.1',
109 silly addNameRange     '5.0.0-alpha.1',
109 silly addNameRange     '3.18.3',
109 silly addNameRange     '4.10.2',
109 silly addNameRange     '3.18.4',
109 silly addNameRange     '4.10.3',
109 silly addNameRange     '4.10.4',
109 silly addNameRange     '4.10.5',
109 silly addNameRange     '3.18.5',
109 silly addNameRange     '3.18.6',
109 silly addNameRange     '4.10.6',
109 silly addNameRange     '4.10.7',
109 silly addNameRange     '3.19.0',
109 silly addNameRange     '4.10.8',
109 silly addNameRange     '4.11.0',
109 silly addNameRange     '3.19.1',
109 silly addNameRange     '4.11.1',
109 silly addNameRange     '3.19.2',
109 silly addNameRange     '4.11.2' ] ]
110 verbose addNamed [ 'express', '4.11.2' ]
111 verbose addNamed [ '4.11.2', '4.11.2' ]
112 silly lockFile 69e74cc8-express-4-11-2 express@4.11.2
113 verbose lock express@4.11.2 /home/s/.npm/69e74cc8-express-4-11-2.lock
114 silly lockFile bad57c1d-s-org-express-express-4-11-2-tgz https://registry.npmjs.org/express/-/express-4.11.2.tgz
115 verbose lock https://registry.npmjs.org/express/-/express-4.11.2.tgz /home/s/.npm/bad57c1d-s-org-express-express-4-11-2-tgz.lock
116 verbose addRemoteTarball [ 'https://registry.npmjs.org/express/-/express-4.11.2.tgz',
116 verbose addRemoteTarball   '8df3d5a9ac848585f00a0777601823faecd3b148' ]
117 info retry fetch attempt 1 at 10:05:43
118 verbose fetch to= /tmp/npm-7144-iDE4SuMD/registry.npmjs.org/express/-/express-4.11.2.tgz
119 http GET https://registry.npmjs.org/express/-/express-4.11.2.tgz
120 silly lockFile a5b4eb9a-ry-npmjs-org-jade-jade-1-9-1-tgz https://registry.npmjs.org/jade/-/jade-1.9.1.tgz
121 silly lockFile a5b4eb9a-ry-npmjs-org-jade-jade-1-9-1-tgz https://registry.npmjs.org/jade/-/jade-1.9.1.tgz
122 silly lockFile 9901c118-jade-1-9-1 jade@1.9.1
123 silly lockFile 9901c118-jade-1-9-1 jade@1.9.1
124 silly lockFile 51d481b2-jade jade@
125 silly lockFile 51d481b2-jade jade@
126 http 200 https://registry.npmjs.org/express/-/express-4.11.2.tgz
127 silly lockFile bad57c1d-s-org-express-express-4-11-2-tgz https://registry.npmjs.org/express/-/express-4.11.2.tgz
128 silly lockFile bad57c1d-s-org-express-express-4-11-2-tgz https://registry.npmjs.org/express/-/express-4.11.2.tgz
129 silly lockFile 69e74cc8-express-4-11-2 express@4.11.2
130 silly lockFile 69e74cc8-express-4-11-2 express@4.11.2
131 silly lockFile 64a534c1-express express@
132 silly lockFile 64a534c1-express express@
133 http 200 https://registry.npmjs.org/cron
134 silly registry.get cb [ 200,
134 silly registry.get   { date: 'Wed, 04 Feb 2015 15:05:43 GMT',
134 silly registry.get     server: 'CouchDB/1.5.0 (Erlang OTP/R16B03)',
134 silly registry.get     etag: '"BUAFIX4S7Y7LT0ZGPHO0ANLI2"',
134 silly registry.get     'content-type': 'application/json',
134 silly registry.get     'cache-control': 'max-age=60',
134 silly registry.get     'content-length': '36890',
134 silly registry.get     'accept-ranges': 'bytes',
134 silly registry.get     via: '1.1 varnish',
134 silly registry.get     age: '40',
134 silly registry.get     'x-served-by': 'cache-iad2129-IAD',
134 silly registry.get     'x-cache': 'HIT',
134 silly registry.get     'x-cache-hits': '1',
134 silly registry.get     'x-timer': 'S1423062343.996682,VS0,VE0',
134 silly registry.get     vary: 'Accept',
134 silly registry.get     'keep-alive': 'timeout=10, max=50',
134 silly registry.get     connection: 'Keep-Alive' } ]
135 silly addNameRange number 2 { name: 'cron', range: '*', hasData: true }
136 silly addNameRange versions [ 'cron',
136 silly addNameRange   [ '0.1.0',
136 silly addNameRange     '0.1.1',
136 silly addNameRange     '0.1.2',
136 silly addNameRange     '0.1.3',
136 silly addNameRange     '0.2.0',
136 silly addNameRange     '0.3.0',
136 silly addNameRange     '0.3.1',
136 silly addNameRange     '0.3.2',
136 silly addNameRange     '0.3.3',
136 silly addNameRange     '0.3.4',
136 silly addNameRange     '1.0.0',
136 silly addNameRange     '1.0.1',
136 silly addNameRange     '1.0.2',
136 silly addNameRange     '1.0.3',
136 silly addNameRange     '1.0.4',
136 silly addNameRange     '1.0.5',
136 silly addNameRange     '1.0.6' ] ]
137 verbose addNamed [ 'cron', '1.0.6' ]
138 verbose addNamed [ '1.0.6', '1.0.6' ]
139 silly lockFile 499fe420-cron-1-0-6 cron@1.0.6
140 verbose lock cron@1.0.6 /home/s/.npm/499fe420-cron-1-0-6.lock
141 silly lockFile c91c305f-ry-npmjs-org-cron-cron-1-0-6-tgz https://registry.npmjs.org/cron/-/cron-1.0.6.tgz
142 verbose lock https://registry.npmjs.org/cron/-/cron-1.0.6.tgz /home/s/.npm/c91c305f-ry-npmjs-org-cron-cron-1-0-6-tgz.lock
143 verbose addRemoteTarball [ 'https://registry.npmjs.org/cron/-/cron-1.0.6.tgz',
143 verbose addRemoteTarball   '92a32920a8d0fa433248e9de46768d53c55269d7' ]
144 info retry fetch attempt 1 at 10:05:44
145 verbose fetch to= /tmp/npm-7144-iDE4SuMD/registry.npmjs.org/cron/-/cron-1.0.6.tgz
146 http GET https://registry.npmjs.org/cron/-/cron-1.0.6.tgz
147 http 200 https://registry.npmjs.org/forever
148 silly registry.get cb [ 200,
148 silly registry.get   { date: 'Wed, 04 Feb 2015 15:05:44 GMT',
148 silly registry.get     server: 'CouchDB/1.5.0 (Erlang OTP/R16B03)',
148 silly registry.get     etag: '"530JVS8HIS9H1QFDSNPKXBIC3"',
148 silly registry.get     'content-type': 'application/json',
148 silly registry.get     'cache-control': 'max-age=60',
148 silly registry.get     'content-length': '71552',
148 silly registry.get     'accept-ranges': 'bytes',
148 silly registry.get     via: '1.1 varnish',
148 silly registry.get     age: '0',
148 silly registry.get     'x-served-by': 'cache-iad2121-IAD',
148 silly registry.get     'x-cache': 'HIT',
148 silly registry.get     'x-cache-hits': '1',
148 silly registry.get     'x-timer': 'S1423062343.989963,VS0,VE83',
148 silly registry.get     vary: 'Accept',
148 silly registry.get     'keep-alive': 'timeout=10, max=50',
148 silly registry.get     connection: 'Keep-Alive' } ]
149 silly addNameRange number 2 { name: 'forever', range: '*', hasData: true }
150 silly addNameRange versions [ 'forever',
150 silly addNameRange   [ '0.6.0',
150 silly addNameRange     '0.6.1',
150 silly addNameRange     '0.6.2',
150 silly addNameRange     '0.6.3',
150 silly addNameRange     '0.6.4',
150 silly addNameRange     '0.6.5',
150 silly addNameRange     '0.6.6',
150 silly addNameRange     '0.6.7',
150 silly addNameRange     '0.6.8',
150 silly addNameRange     '0.6.9',
150 silly addNameRange     '0.7.0',
150 silly addNameRange     '0.7.1',
150 silly addNameRange     '0.7.2',
150 silly addNameRange     '0.7.3',
150 silly addNameRange     '0.7.4',
150 silly addNameRange     '0.7.5',
150 silly addNameRange     '0.8.0',
150 silly addNameRange     '0.8.1',
150 silly addNameRange     '0.8.2',
150 silly addNameRange     '0.8.3',
150 silly addNameRange     '0.8.4',
150 silly addNameRange     '0.8.5',
150 silly addNameRange     '0.9.0',
150 silly addNameRange     '0.9.1',
150 silly addNameRange     '0.9.2',
150 silly addNameRange     '0.10.0',
150 silly addNameRange     '0.10.5',
150 silly addNameRange     '0.10.6',
150 silly addNameRange     '0.10.7',
150 silly addNameRange     '0.10.8',
150 silly addNameRange     '0.10.9',
150 silly addNameRange     '0.10.10',
150 silly addNameRange     '0.10.11',
150 silly addNameRange     '0.11.0',
150 silly addNameRange     '0.11.1',
150 silly addNameRange     '0.12.0',
150 silly addNameRange     '0.13.0' ] ]
151 verbose addNamed [ 'forever', '0.13.0' ]
152 verbose addNamed [ '0.13.0', '0.13.0' ]
153 silly lockFile a664d5a5-forever-0-13-0 forever@0.13.0
154 verbose lock forever@0.13.0 /home/s/.npm/a664d5a5-forever-0-13-0.lock
155 silly lockFile 9b60d490-s-org-forever-forever-0-13-0-tgz https://registry.npmjs.org/forever/-/forever-0.13.0.tgz
156 verbose lock https://registry.npmjs.org/forever/-/forever-0.13.0.tgz /home/s/.npm/9b60d490-s-org-forever-forever-0-13-0-tgz.lock
157 verbose addRemoteTarball [ 'https://registry.npmjs.org/forever/-/forever-0.13.0.tgz',
157 verbose addRemoteTarball   '30857921b37994295a23ca1266628fb3aa2c2c00' ]
158 info retry fetch attempt 1 at 10:05:44
159 verbose fetch to= /tmp/npm-7144-iDE4SuMD/registry.npmjs.org/forever/-/forever-0.13.0.tgz
160 http GET https://registry.npmjs.org/forever/-/forever-0.13.0.tgz
161 http 200 https://registry.npmjs.org/cron/-/cron-1.0.6.tgz
162 http 200 https://registry.npmjs.org/forever/-/forever-0.13.0.tgz
163 silly lockFile 9b60d490-s-org-forever-forever-0-13-0-tgz https://registry.npmjs.org/forever/-/forever-0.13.0.tgz
164 silly lockFile 9b60d490-s-org-forever-forever-0-13-0-tgz https://registry.npmjs.org/forever/-/forever-0.13.0.tgz
165 silly lockFile a664d5a5-forever-0-13-0 forever@0.13.0
166 silly lockFile a664d5a5-forever-0-13-0 forever@0.13.0
167 silly lockFile 28ef027b-forever forever@
168 silly lockFile 28ef027b-forever forever@
169 silly lockFile c91c305f-ry-npmjs-org-cron-cron-1-0-6-tgz https://registry.npmjs.org/cron/-/cron-1.0.6.tgz
170 silly lockFile c91c305f-ry-npmjs-org-cron-cron-1-0-6-tgz https://registry.npmjs.org/cron/-/cron-1.0.6.tgz
171 silly lockFile 499fe420-cron-1-0-6 cron@1.0.6
172 silly lockFile 499fe420-cron-1-0-6 cron@1.0.6
173 silly lockFile b1088792-cron cron@
174 silly lockFile b1088792-cron cron@
175 error Error: EACCES, mkdir '/home/s/.npm/jade/1.9.1'
175 error  { [Error: EACCES, mkdir '/home/s/.npm/jade/1.9.1']
175 error   errno: 3,
175 error   code: 'EACCES',
175 error   path: '/home/s/.npm/jade/1.9.1',
175 error   parent: 'react-todos' }
176 error Please try running this command again as root/Administrator.
177 error System Linux 3.13.0-37-generic
178 error command "/usr/bin/node" "/usr/bin/npm" "install" "--save" "forever" "express" "cron" "jade"
179 error cwd /opt/lampp/htdocs/react-todos
180 error node -v v0.10.32
181 error npm -v 1.4.28
182 error path /home/s/.npm/jade/1.9.1
183 error code EACCES
184 error errno 3
185 error stack Error: EACCES, mkdir '/home/s/.npm/jade/1.9.1'
186 verbose exit [ 3, true ]
